2025-02-07 02:39:41,471 - kedro.framework.project - INFO - Using 'conf/logging.yml' as logging configuration. You can change this by setting the KEDRO_LOGGING_CONFIG environment variable accordingly.
2025-02-07 02:39:42,294 - kedro.framework.session.session - INFO - Kedro project tecnica
2025-02-07 02:39:45,704 - py.warnings - WARNING - /usr/local/lib/python3.10/dist-packages/numpy/_core/getlimits.py:551: UserWarning: Signature b'\x00\xd0\xcc\xcc\xcc\xcc\xcc\xcc\xfb\xbf\x00\x00\x00\x00\x00\x00' for <class 'numpy.longdouble'> does not match any known type: falling back to type probe function.
This warnings indicates broken support for the dtype!
  machar = _get_machar(dtype)

2025-02-07 02:39:46,357 - kedro_telemetry.plugin - INFO - Kedro is sending anonymous usage data with the sole purpose of improving the product. No personal data or IP addresses are stored on our side. If you want to opt out, set the `KEDRO_DISABLE_TELEMETRY` or `DO_NOT_TRACK` environment variables, or create a `.telemetry` file in the current working directory with the contents `consent: false`. Read more at https://docs.kedro.org/en/stable/configuration/telemetry.html
2025-02-07 02:39:46,720 - kedro.runner.sequential_runner - INFO - Using synchronous mode for loading and saving data. Use the --async flag for potential performance gains. https://docs.kedro.org/en/stable/nodes_and_pipelines/run_a_pipeline.html#load-and-save-asynchronously
2025-02-07 02:39:46,728 - kedro.pipeline.node - INFO - Running node: generar_datos: generate_data(None) -> [messy_data]
2025-02-07 02:39:48,107 - kedro.io.data_catalog - INFO - Saving data to [dark_orange]messy_data[/dark_orange] (CSVDataset)...
2025-02-07 02:39:48,130 - kedro.runner.sequential_runner - INFO - Completed node: generar_datos
2025-02-07 02:39:48,131 - kedro.runner.sequential_runner - INFO - Completed 1 out of 2 tasks
2025-02-07 02:39:48,133 - kedro.io.data_catalog - INFO - Loading data from [dark_orange]messy_data[/dark_orange] (CSVDataset)...
2025-02-07 02:39:48,157 - kedro.pipeline.node - INFO - Running node: limpiar_datos: clean_data([messy_data]) -> [clean_data]
2025-02-07 02:39:48,202 - kedro.io.data_catalog - INFO - Saving data to [dark_orange]clean_data[/dark_orange] (CSVDataset)...
2025-02-07 02:39:48,224 - kedro.runner.sequential_runner - INFO - Completed node: limpiar_datos
2025-02-07 02:39:48,225 - kedro.runner.sequential_runner - INFO - Completed 2 out of 2 tasks
2025-02-07 02:39:48,227 - kedro.runner.sequential_runner - INFO - Pipeline execution completed successfully.
2025-02-07 02:40:02,759 - kedro.framework.project - INFO - Using 'conf/logging.yml' as logging configuration. You can change this by setting the KEDRO_LOGGING_CONFIG environment variable accordingly.
2025-02-07 02:40:04,809 - kedro.framework.project - INFO - Using 'conf/logging.yml' as logging configuration. You can change this by setting the KEDRO_LOGGING_CONFIG environment variable accordingly.
2025-02-07 02:40:06,511 - py.warnings - WARNING - /usr/local/lib/python3.10/dist-packages/numpy/_core/getlimits.py:551: UserWarning: Signature b'\x00\xd0\xcc\xcc\xcc\xcc\xcc\xcc\xfb\xbf\x00\x00\x00\x00\x00\x00' for <class 'numpy.longdouble'> does not match any known type: falling back to type probe function.
This warnings indicates broken support for the dtype!
  machar = _get_machar(dtype)

2025-02-07 02:40:07,776 - kedro_telemetry.plugin - INFO - Kedro is sending anonymous usage data with the sole purpose of improving the product. No personal data or IP addresses are stored on our side. If you want to opt out, set the `KEDRO_DISABLE_TELEMETRY` or `DO_NOT_TRACK` environment variables, or create a `.telemetry` file in the current working directory with the contents `consent: false`. Read more at https://docs.kedro.org/en/stable/configuration/telemetry.html
2025-02-07 02:42:37,696 - kedro.framework.project - INFO - Using 'conf/logging.yml' as logging configuration. You can change this by setting the KEDRO_LOGGING_CONFIG environment variable accordingly.
2025-02-07 02:42:38,568 - kedro.framework.session.session - INFO - Kedro project tecnica
2025-02-07 02:42:41,872 - py.warnings - WARNING - /usr/local/lib/python3.10/dist-packages/numpy/_core/getlimits.py:551: UserWarning: Signature b'\x00\xd0\xcc\xcc\xcc\xcc\xcc\xcc\xfb\xbf\x00\x00\x00\x00\x00\x00' for <class 'numpy.longdouble'> does not match any known type: falling back to type probe function.
This warnings indicates broken support for the dtype!
  machar = _get_machar(dtype)

2025-02-07 02:42:42,516 - kedro_telemetry.plugin - INFO - Kedro is sending anonymous usage data with the sole purpose of improving the product. No personal data or IP addresses are stored on our side. If you want to opt out, set the `KEDRO_DISABLE_TELEMETRY` or `DO_NOT_TRACK` environment variables, or create a `.telemetry` file in the current working directory with the contents `consent: false`. Read more at https://docs.kedro.org/en/stable/configuration/telemetry.html
2025-02-07 02:42:42,913 - kedro.runner.sequential_runner - INFO - Using synchronous mode for loading and saving data. Use the --async flag for potential performance gains. https://docs.kedro.org/en/stable/nodes_and_pipelines/run_a_pipeline.html#load-and-save-asynchronously
2025-02-07 02:42:42,920 - kedro.pipeline.node - INFO - Running node: generar_datos: generate_data(None) -> [messy_data]
2025-02-07 02:42:44,234 - kedro.io.data_catalog - INFO - Saving data to [dark_orange]messy_data[/dark_orange] (CSVDataset)...
2025-02-07 02:42:44,258 - kedro.runner.sequential_runner - INFO - Completed node: generar_datos
2025-02-07 02:42:44,260 - kedro.runner.sequential_runner - INFO - Completed 1 out of 2 tasks
2025-02-07 02:42:44,262 - kedro.io.data_catalog - INFO - Loading data from [dark_orange]messy_data[/dark_orange] (CSVDataset)...
2025-02-07 02:42:44,283 - kedro.pipeline.node - INFO - Running node: limpiar_datos: clean_data([messy_data]) -> [clean_data]
2025-02-07 02:42:44,330 - kedro.io.data_catalog - INFO - Saving data to [dark_orange]clean_data[/dark_orange] (CSVDataset)...
2025-02-07 02:42:44,352 - kedro.runner.sequential_runner - INFO - Completed node: limpiar_datos
2025-02-07 02:42:44,354 - kedro.runner.sequential_runner - INFO - Completed 2 out of 2 tasks
2025-02-07 02:42:44,356 - kedro.runner.sequential_runner - INFO - Pipeline execution completed successfully.
2025-02-07 02:43:15,179 - kedro.framework.project - INFO - Using 'conf/logging.yml' as logging configuration. You can change this by setting the KEDRO_LOGGING_CONFIG environment variable accordingly.
2025-02-07 02:43:15,985 - kedro.framework.session.session - INFO - Kedro project tecnica
2025-02-07 02:43:19,433 - py.warnings - WARNING - /usr/local/lib/python3.10/dist-packages/numpy/_core/getlimits.py:551: UserWarning: Signature b'\x00\xd0\xcc\xcc\xcc\xcc\xcc\xcc\xfb\xbf\x00\x00\x00\x00\x00\x00' for <class 'numpy.longdouble'> does not match any known type: falling back to type probe function.
This warnings indicates broken support for the dtype!
  machar = _get_machar(dtype)

2025-02-07 02:43:19,999 - kedro_telemetry.plugin - INFO - Kedro is sending anonymous usage data with the sole purpose of improving the product. No personal data or IP addresses are stored on our side. If you want to opt out, set the `KEDRO_DISABLE_TELEMETRY` or `DO_NOT_TRACK` environment variables, or create a `.telemetry` file in the current working directory with the contents `consent: false`. Read more at https://docs.kedro.org/en/stable/configuration/telemetry.html
2025-02-07 02:43:20,365 - kedro.runner.sequential_runner - INFO - Using synchronous mode for loading and saving data. Use the --async flag for potential performance gains. https://docs.kedro.org/en/stable/nodes_and_pipelines/run_a_pipeline.html#load-and-save-asynchronously
2025-02-07 02:43:20,375 - kedro.pipeline.node - INFO - Running node: generar_datos: generate_data(None) -> [messy_data]
2025-02-07 02:43:21,660 - kedro.io.data_catalog - INFO - Saving data to [dark_orange]messy_data[/dark_orange] (CSVDataset)...
2025-02-07 02:43:21,683 - kedro.runner.sequential_runner - INFO - Completed node: generar_datos
2025-02-07 02:43:21,685 - kedro.runner.sequential_runner - INFO - Completed 1 out of 2 tasks
2025-02-07 02:43:21,687 - kedro.io.data_catalog - INFO - Loading data from [dark_orange]messy_data[/dark_orange] (CSVDataset)...
2025-02-07 02:43:21,709 - kedro.pipeline.node - INFO - Running node: limpiar_datos: clean_data([messy_data]) -> [clean_data]
2025-02-07 02:43:21,755 - kedro.io.data_catalog - INFO - Saving data to [dark_orange]clean_data[/dark_orange] (CSVDataset)...
2025-02-07 02:43:21,779 - kedro.runner.sequential_runner - INFO - Completed node: limpiar_datos
2025-02-07 02:43:21,780 - kedro.runner.sequential_runner - INFO - Completed 2 out of 2 tasks
2025-02-07 02:43:21,783 - kedro.runner.sequential_runner - INFO - Pipeline execution completed successfully.
2025-02-07 12:24:59,900 - kedro.framework.project - INFO - Using 'conf/logging.yml' as logging configuration. You can change this by setting the KEDRO_LOGGING_CONFIG environment variable accordingly.
2025-02-07 12:25:01,311 - kedro.framework.session.session - INFO - Kedro project tecnica
2025-02-07 12:25:07,060 - py.warnings - WARNING - /usr/local/lib/python3.10/dist-packages/numpy/_core/getlimits.py:551: UserWarning: Signature b'\x00\xd0\xcc\xcc\xcc\xcc\xcc\xcc\xfb\xbf\x00\x00\x00\x00\x00\x00' for <class 'numpy.longdouble'> does not match any known type: falling back to type probe function.
This warnings indicates broken support for the dtype!
  machar = _get_machar(dtype)

2025-02-07 12:25:08,148 - kedro_telemetry.plugin - INFO - Kedro is sending anonymous usage data with the sole purpose of improving the product. No personal data or IP addresses are stored on our side. If you want to opt out, set the `KEDRO_DISABLE_TELEMETRY` or `DO_NOT_TRACK` environment variables, or create a `.telemetry` file in the current working directory with the contents `consent: false`. Read more at https://docs.kedro.org/en/stable/configuration/telemetry.html
2025-02-07 12:25:08,603 - kedro.runner.sequential_runner - INFO - Using synchronous mode for loading and saving data. Use the --async flag for potential performance gains. https://docs.kedro.org/en/stable/nodes_and_pipelines/run_a_pipeline.html#load-and-save-asynchronously
2025-02-07 12:25:08,609 - kedro.pipeline.node - INFO - Running node: generar_datos: generate_data(None) -> [messy_data]
2025-02-07 12:25:10,106 - kedro.io.data_catalog - INFO - Saving data to [dark_orange]messy_data[/dark_orange] (CSVDataset)...
2025-02-07 12:25:10,167 - kedro.runner.sequential_runner - INFO - Completed node: generar_datos
2025-02-07 12:25:10,198 - kedro.runner.sequential_runner - INFO - Completed 1 out of 2 tasks
2025-02-07 12:25:10,233 - kedro.io.data_catalog - INFO - Loading data from [dark_orange]messy_data[/dark_orange] (CSVDataset)...
2025-02-07 12:25:10,263 - kedro.pipeline.node - INFO - Running node: limpiar_datos: clean_data([messy_data]) -> [clean_data]
2025-02-07 12:25:10,397 - kedro.io.data_catalog - INFO - Saving data to [dark_orange]clean_data[/dark_orange] (CSVDataset)...
2025-02-07 12:25:10,426 - kedro.runner.sequential_runner - INFO - Completed node: limpiar_datos
2025-02-07 12:25:10,427 - kedro.runner.sequential_runner - INFO - Completed 2 out of 2 tasks
2025-02-07 12:25:10,430 - kedro.runner.sequential_runner - INFO - Pipeline execution completed successfully.
2025-02-07 18:53:44,268 - kedro.framework.project - INFO - Using 'conf/logging.yml' as logging configuration. You can change this by setting the KEDRO_LOGGING_CONFIG environment variable accordingly.
2025-02-07 18:53:44,712 - kedro_telemetry.plugin - INFO - Kedro is sending anonymous usage data with the sole purpose of improving the product. No personal data or IP addresses are stored on our side. If you want to opt out, set the `KEDRO_DISABLE_TELEMETRY` or `DO_NOT_TRACK` environment variables, or create a `.telemetry` file in the current working directory with the contents `consent: false`. Read more at https://docs.kedro.org/en/stable/configuration/telemetry.html
2025-02-07 18:55:06,533 - kedro.framework.project - INFO - Using 'conf/logging.yml' as logging configuration. You can change this by setting the KEDRO_LOGGING_CONFIG environment variable accordingly.
2025-02-07 18:55:07,362 - kedro.framework.session.session - INFO - Kedro project Tecnica
2025-02-07 18:55:07,500 - kedro_telemetry.plugin - INFO - Kedro is sending anonymous usage data with the sole purpose of improving the product. No personal data or IP addresses are stored on our side. If you want to opt out, set the `KEDRO_DISABLE_TELEMETRY` or `DO_NOT_TRACK` environment variables, or create a `.telemetry` file in the current working directory with the contents `consent: false`. Read more at https://docs.kedro.org/en/stable/configuration/telemetry.html
2025-02-07 18:57:30,891 - kedro.framework.project - INFO - Using 'conf/logging.yml' as logging configuration. You can change this by setting the KEDRO_LOGGING_CONFIG environment variable accordingly.
2025-02-07 18:57:31,526 - kedro.framework.session.session - INFO - Kedro project Tecnica
2025-02-07 18:57:35,420 - kedro_telemetry.plugin - INFO - Kedro is sending anonymous usage data with the sole purpose of improving the product. No personal data or IP addresses are stored on our side. If you want to opt out, set the `KEDRO_DISABLE_TELEMETRY` or `DO_NOT_TRACK` environment variables, or create a `.telemetry` file in the current working directory with the contents `consent: false`. Read more at https://docs.kedro.org/en/stable/configuration/telemetry.html
2025-02-07 18:57:47,076 - kedro.framework.project - INFO - Using 'conf/logging.yml' as logging configuration. You can change this by setting the KEDRO_LOGGING_CONFIG environment variable accordingly.
2025-02-07 18:57:47,693 - kedro.framework.session.session - INFO - Kedro project Tecnica
2025-02-07 18:57:51,979 - kedro_telemetry.plugin - INFO - Kedro is sending anonymous usage data with the sole purpose of improving the product. No personal data or IP addresses are stored on our side. If you want to opt out, set the `KEDRO_DISABLE_TELEMETRY` or `DO_NOT_TRACK` environment variables, or create a `.telemetry` file in the current working directory with the contents `consent: false`. Read more at https://docs.kedro.org/en/stable/configuration/telemetry.html
2025-02-07 18:58:46,203 - kedro.framework.project - INFO - Using 'conf/logging.yml' as logging configuration. You can change this by setting the KEDRO_LOGGING_CONFIG environment variable accordingly.
2025-02-07 18:58:46,788 - kedro.framework.session.session - INFO - Kedro project Tecnica
2025-02-07 18:58:50,752 - kedro_telemetry.plugin - INFO - Kedro is sending anonymous usage data with the sole purpose of improving the product. No personal data or IP addresses are stored on our side. If you want to opt out, set the `KEDRO_DISABLE_TELEMETRY` or `DO_NOT_TRACK` environment variables, or create a `.telemetry` file in the current working directory with the contents `consent: false`. Read more at https://docs.kedro.org/en/stable/configuration/telemetry.html
2025-02-07 18:58:51,128 - kedro.runner.sequential_runner - INFO - Using synchronous mode for loading and saving data. Use the --async flag for potential performance gains. https://docs.kedro.org/en/stable/nodes_and_pipelines/run_a_pipeline.html#load-and-save-asynchronously
2025-02-07 18:58:51,134 - kedro.pipeline.node - INFO - Running node: generar_datos: generate_data(None) -> [messy_data]
2025-02-07 18:58:53,697 - kedro.io.data_catalog - INFO - Saving data to [dark_orange]messy_data[/dark_orange] (CSVDataset)...
2025-02-07 18:58:53,740 - kedro.runner.sequential_runner - INFO - Completed node: generar_datos
2025-02-07 18:58:53,741 - kedro.runner.sequential_runner - INFO - Completed 1 out of 2 tasks
2025-02-07 18:58:53,743 - kedro.io.data_catalog - INFO - Loading data from [dark_orange]messy_data[/dark_orange] (CSVDataset)...
2025-02-07 18:58:53,776 - kedro.pipeline.node - INFO - Running node: limpiar_datos: clean_data([messy_data]) -> [clean_data]
2025-02-07 18:58:53,838 - kedro.io.data_catalog - INFO - Saving data to [dark_orange]clean_data[/dark_orange] (CSVDataset)...
2025-02-07 18:58:53,881 - kedro.runner.sequential_runner - INFO - Completed node: limpiar_datos
2025-02-07 18:58:53,882 - kedro.runner.sequential_runner - INFO - Completed 2 out of 2 tasks
2025-02-07 18:58:53,884 - kedro.runner.sequential_runner - INFO - Pipeline execution completed successfully.
2025-02-07 20:58:05,505 - kedro.framework.project - INFO - Using 'conf/logging.yml' as logging configuration. You can change this by setting the KEDRO_LOGGING_CONFIG environment variable accordingly.
2025-02-07 20:58:06,656 - kedro_telemetry.plugin - INFO - Kedro is sending anonymous usage data with the sole purpose of improving the product. No personal data or IP addresses are stored on our side. If you want to opt out, set the `KEDRO_DISABLE_TELEMETRY` or `DO_NOT_TRACK` environment variables, or create a `.telemetry` file in the current working directory with the contents `consent: false`. Read more at https://docs.kedro.org/en/stable/configuration/telemetry.html
2025-02-07 20:58:52,673 - kedro.framework.project - INFO - Using 'conf/logging.yml' as logging configuration. You can change this by setting the KEDRO_LOGGING_CONFIG environment variable accordingly.
2025-02-07 20:58:53,311 - kedro_telemetry.plugin - INFO - Kedro is sending anonymous usage data with the sole purpose of improving the product. No personal data or IP addresses are stored on our side. If you want to opt out, set the `KEDRO_DISABLE_TELEMETRY` or `DO_NOT_TRACK` environment variables, or create a `.telemetry` file in the current working directory with the contents `consent: false`. Read more at https://docs.kedro.org/en/stable/configuration/telemetry.html
2025-02-07 21:02:07,005 - kedro.framework.project - INFO - Using 'conf/logging.yml' as logging configuration. You can change this by setting the KEDRO_LOGGING_CONFIG environment variable accordingly.
2025-02-07 21:02:07,631 - kedro_telemetry.plugin - INFO - Kedro is sending anonymous usage data with the sole purpose of improving the product. No personal data or IP addresses are stored on our side. If you want to opt out, set the `KEDRO_DISABLE_TELEMETRY` or `DO_NOT_TRACK` environment variables, or create a `.telemetry` file in the current working directory with the contents `consent: false`. Read more at https://docs.kedro.org/en/stable/configuration/telemetry.html
2025-02-07 21:03:02,755 - kedro.framework.project - INFO - Using 'conf/logging.yml' as logging configuration. You can change this by setting the KEDRO_LOGGING_CONFIG environment variable accordingly.
2025-02-07 21:03:03,358 - kedro_telemetry.plugin - INFO - Kedro is sending anonymous usage data with the sole purpose of improving the product. No personal data or IP addresses are stored on our side. If you want to opt out, set the `KEDRO_DISABLE_TELEMETRY` or `DO_NOT_TRACK` environment variables, or create a `.telemetry` file in the current working directory with the contents `consent: false`. Read more at https://docs.kedro.org/en/stable/configuration/telemetry.html
2025-02-07 21:03:10,457 - kedro.framework.project - INFO - Using 'conf/logging.yml' as logging configuration. You can change this by setting the KEDRO_LOGGING_CONFIG environment variable accordingly.
2025-02-07 21:03:11,083 - kedro_telemetry.plugin - INFO - Kedro is sending anonymous usage data with the sole purpose of improving the product. No personal data or IP addresses are stored on our side. If you want to opt out, set the `KEDRO_DISABLE_TELEMETRY` or `DO_NOT_TRACK` environment variables, or create a `.telemetry` file in the current working directory with the contents `consent: false`. Read more at https://docs.kedro.org/en/stable/configuration/telemetry.html
2025-02-07 21:05:58,448 - kedro.framework.project - INFO - Using 'conf/logging.yml' as logging configuration. You can change this by setting the KEDRO_LOGGING_CONFIG environment variable accordingly.
2025-02-07 21:05:59,067 - kedro_telemetry.plugin - INFO - Kedro is sending anonymous usage data with the sole purpose of improving the product. No personal data or IP addresses are stored on our side. If you want to opt out, set the `KEDRO_DISABLE_TELEMETRY` or `DO_NOT_TRACK` environment variables, or create a `.telemetry` file in the current working directory with the contents `consent: false`. Read more at https://docs.kedro.org/en/stable/configuration/telemetry.html
2025-02-07 21:15:29,101 - kedro.framework.project - INFO - Using 'conf/logging.yml' as logging configuration. You can change this by setting the KEDRO_LOGGING_CONFIG environment variable accordingly.
2025-02-07 21:15:29,978 - kedro_telemetry.plugin - INFO - Kedro is sending anonymous usage data with the sole purpose of improving the product. No personal data or IP addresses are stored on our side. If you want to opt out, set the `KEDRO_DISABLE_TELEMETRY` or `DO_NOT_TRACK` environment variables, or create a `.telemetry` file in the current working directory with the contents `consent: false`. Read more at https://docs.kedro.org/en/stable/configuration/telemetry.html
2025-02-07 21:15:40,904 - kedro.framework.project - INFO - Using 'conf/logging.yml' as logging configuration. You can change this by setting the KEDRO_LOGGING_CONFIG environment variable accordingly.
2025-02-07 21:15:41,640 - kedro_telemetry.plugin - INFO - Kedro is sending anonymous usage data with the sole purpose of improving the product. No personal data or IP addresses are stored on our side. If you want to opt out, set the `KEDRO_DISABLE_TELEMETRY` or `DO_NOT_TRACK` environment variables, or create a `.telemetry` file in the current working directory with the contents `consent: false`. Read more at https://docs.kedro.org/en/stable/configuration/telemetry.html
2025-02-07 22:50:55,619 - kedro.framework.project - INFO - Using 'conf/logging.yml' as logging configuration. You can change this by setting the KEDRO_LOGGING_CONFIG environment variable accordingly.
2025-02-07 22:50:56,638 - kedro_telemetry.plugin - INFO - Kedro is sending anonymous usage data with the sole purpose of improving the product. No personal data or IP addresses are stored on our side. If you want to opt out, set the `KEDRO_DISABLE_TELEMETRY` or `DO_NOT_TRACK` environment variables, or create a `.telemetry` file in the current working directory with the contents `consent: false`. Read more at https://docs.kedro.org/en/stable/configuration/telemetry.html
2025-02-08 17:06:28,776 - kedro.framework.project - INFO - Using 'conf/logging.yml' as logging configuration. You can change this by setting the KEDRO_LOGGING_CONFIG environment variable accordingly.
2025-02-08 17:06:29,994 - kedro.framework.session.session - INFO - Kedro project kedro_project
2025-02-08 17:06:36,822 - kedro_telemetry.plugin - INFO - Kedro is sending anonymous usage data with the sole purpose of improving the product. No personal data or IP addresses are stored on our side. If you want to opt out, set the `KEDRO_DISABLE_TELEMETRY` or `DO_NOT_TRACK` environment variables, or create a `.telemetry` file in the current working directory with the contents `consent: false`. Read more at https://docs.kedro.org/en/stable/configuration/telemetry.html
2025-02-08 17:06:37,194 - kedro.runner.sequential_runner - INFO - Using synchronous mode for loading and saving data. Use the --async flag for potential performance gains. https://docs.kedro.org/en/stable/nodes_and_pipelines/run_a_pipeline.html#load-and-save-asynchronously
2025-02-08 17:06:37,199 - kedro.pipeline.node - INFO - Running node: generar_datos: generate_data(None) -> [messy_data]
2025-02-08 17:06:40,047 - kedro.io.data_catalog - INFO - Saving data to [dark_orange]messy_data[/dark_orange] (CSVDataset)...
2025-02-08 17:06:40,096 - kedro.runner.sequential_runner - INFO - Completed node: generar_datos
2025-02-08 17:06:40,097 - kedro.runner.sequential_runner - INFO - Completed 1 out of 2 tasks
2025-02-08 17:06:40,100 - kedro.io.data_catalog - INFO - Loading data from [dark_orange]messy_data[/dark_orange] (CSVDataset)...
2025-02-08 17:06:40,137 - kedro.pipeline.node - INFO - Running node: limpiar_datos: clean_data([messy_data]) -> [clean_data]
2025-02-08 17:06:40,214 - kedro.io.data_catalog - INFO - Saving data to [dark_orange]clean_data[/dark_orange] (CSVDataset)...
2025-02-08 17:06:40,258 - kedro.runner.sequential_runner - INFO - Completed node: limpiar_datos
2025-02-08 17:06:40,259 - kedro.runner.sequential_runner - INFO - Completed 2 out of 2 tasks
2025-02-08 17:06:40,261 - kedro.runner.sequential_runner - INFO - Pipeline execution completed successfully.
2025-02-08 17:06:46,145 - kedro.framework.project - INFO - Using 'conf/logging.yml' as logging configuration. You can change this by setting the KEDRO_LOGGING_CONFIG environment variable accordingly.
2025-02-08 17:06:48,404 - kedro.framework.project - INFO - Using 'conf/logging.yml' as logging configuration. You can change this by setting the KEDRO_LOGGING_CONFIG environment variable accordingly.
2025-02-08 17:06:57,392 - kedro_telemetry.plugin - INFO - Kedro is sending anonymous usage data with the sole purpose of improving the product. No personal data or IP addresses are stored on our side. If you want to opt out, set the `KEDRO_DISABLE_TELEMETRY` or `DO_NOT_TRACK` environment variables, or create a `.telemetry` file in the current working directory with the contents `consent: false`. Read more at https://docs.kedro.org/en/stable/configuration/telemetry.html
2025-02-08 19:49:29,348 - kedro.framework.project - INFO - Using 'conf/logging.yml' as logging configuration. You can change this by setting the KEDRO_LOGGING_CONFIG environment variable accordingly.
2025-02-08 19:49:31,998 - kedro.framework.session.session - INFO - Kedro project kedro_project
2025-02-08 19:49:40,968 - kedro_telemetry.plugin - INFO - Kedro is sending anonymous usage data with the sole purpose of improving the product. No personal data or IP addresses are stored on our side. If you want to opt out, set the `KEDRO_DISABLE_TELEMETRY` or `DO_NOT_TRACK` environment variables, or create a `.telemetry` file in the current working directory with the contents `consent: false`. Read more at https://docs.kedro.org/en/stable/configuration/telemetry.html
2025-02-08 19:49:41,498 - kedro.runner.sequential_runner - INFO - Using synchronous mode for loading and saving data. Use the --async flag for potential performance gains. https://docs.kedro.org/en/stable/nodes_and_pipelines/run_a_pipeline.html#load-and-save-asynchronously
2025-02-08 19:49:41,512 - kedro.pipeline.node - INFO - Running node: generar_datos: generate_data(None) -> [messy_data]
2025-02-08 19:49:46,134 - kedro.io.data_catalog - INFO - Saving data to [dark_orange]messy_data[/dark_orange] (CSVDataset)...
2025-02-08 19:49:46,220 - kedro.runner.sequential_runner - INFO - Completed node: generar_datos
2025-02-08 19:49:46,223 - kedro.runner.sequential_runner - INFO - Completed 1 out of 2 tasks
2025-02-08 19:49:46,228 - kedro.io.data_catalog - INFO - Loading data from [dark_orange]messy_data[/dark_orange] (CSVDataset)...
2025-02-08 19:49:46,269 - kedro.pipeline.node - INFO - Running node: limpiar_datos: clean_data([messy_data]) -> [clean_data]
2025-02-08 19:49:46,351 - kedro.io.data_catalog - INFO - Saving data to [dark_orange]clean_data[/dark_orange] (CSVDataset)...
2025-02-08 19:49:46,414 - kedro.runner.sequential_runner - INFO - Completed node: limpiar_datos
2025-02-08 19:49:46,416 - kedro.runner.sequential_runner - INFO - Completed 2 out of 2 tasks
2025-02-08 19:49:46,421 - kedro.runner.sequential_runner - INFO - Pipeline execution completed successfully.
2025-02-08 19:49:50,590 - kedro.framework.project - INFO - Using 'conf/logging.yml' as logging configuration. You can change this by setting the KEDRO_LOGGING_CONFIG environment variable accordingly.
2025-02-08 19:49:55,396 - kedro.framework.project - INFO - Using 'conf/logging.yml' as logging configuration. You can change this by setting the KEDRO_LOGGING_CONFIG environment variable accordingly.
2025-02-08 19:50:00,937 - kedro_telemetry.plugin - INFO - Kedro is sending anonymous usage data with the sole purpose of improving the product. No personal data or IP addresses are stored on our side. If you want to opt out, set the `KEDRO_DISABLE_TELEMETRY` or `DO_NOT_TRACK` environment variables, or create a `.telemetry` file in the current working directory with the contents `consent: false`. Read more at https://docs.kedro.org/en/stable/configuration/telemetry.html
2025-02-08 22:40:58,020 - kedro.framework.project - INFO - Using 'conf/logging.yml' as logging configuration. You can change this by setting the KEDRO_LOGGING_CONFIG environment variable accordingly.
2025-02-08 22:41:00,668 - kedro.framework.session.session - INFO - Kedro project kedro_project
2025-02-08 22:41:09,572 - kedro_telemetry.plugin - INFO - Kedro is sending anonymous usage data with the sole purpose of improving the product. No personal data or IP addresses are stored on our side. If you want to opt out, set the `KEDRO_DISABLE_TELEMETRY` or `DO_NOT_TRACK` environment variables, or create a `.telemetry` file in the current working directory with the contents `consent: false`. Read more at https://docs.kedro.org/en/stable/configuration/telemetry.html
2025-02-08 22:41:10,035 - kedro.runner.sequential_runner - INFO - Using synchronous mode for loading and saving data. Use the --async flag for potential performance gains. https://docs.kedro.org/en/stable/nodes_and_pipelines/run_a_pipeline.html#load-and-save-asynchronously
2025-02-08 22:41:10,040 - kedro.pipeline.node - INFO - Running node: generar_datos: generate_data(None) -> [messy_data]
2025-02-08 22:41:14,228 - kedro.io.data_catalog - INFO - Saving data to [dark_orange]messy_data[/dark_orange] (CSVDataset)...
2025-02-08 22:41:14,309 - kedro.runner.sequential_runner - INFO - Completed node: generar_datos
2025-02-08 22:41:14,311 - kedro.runner.sequential_runner - INFO - Completed 1 out of 2 tasks
2025-02-08 22:41:14,313 - kedro.io.data_catalog - INFO - Loading data from [dark_orange]messy_data[/dark_orange] (CSVDataset)...
2025-02-08 22:41:14,352 - kedro.pipeline.node - INFO - Running node: limpiar_datos: clean_data([messy_data]) -> [clean_data]
2025-02-08 22:41:14,431 - kedro.io.data_catalog - INFO - Saving data to [dark_orange]clean_data[/dark_orange] (CSVDataset)...
2025-02-08 22:41:14,491 - kedro.runner.sequential_runner - INFO - Completed node: limpiar_datos
2025-02-08 22:41:14,493 - kedro.runner.sequential_runner - INFO - Completed 2 out of 2 tasks
2025-02-08 22:41:14,496 - kedro.runner.sequential_runner - INFO - Pipeline execution completed successfully.
2025-02-09 00:49:53,985 - kedro.framework.project - INFO - Using 'conf/logging.yml' as logging configuration. You can change this by setting the KEDRO_LOGGING_CONFIG environment variable accordingly.
2025-02-09 00:49:56,770 - kedro.framework.session.session - INFO - Kedro project kedro_project
2025-02-09 00:50:07,648 - kedro_telemetry.plugin - INFO - Kedro is sending anonymous usage data with the sole purpose of improving the product. No personal data or IP addresses are stored on our side. If you want to opt out, set the `KEDRO_DISABLE_TELEMETRY` or `DO_NOT_TRACK` environment variables, or create a `.telemetry` file in the current working directory with the contents `consent: false`. Read more at https://docs.kedro.org/en/stable/configuration/telemetry.html
2025-02-09 00:50:08,097 - kedro.runner.sequential_runner - INFO - Using synchronous mode for loading and saving data. Use the --async flag for potential performance gains. https://docs.kedro.org/en/stable/nodes_and_pipelines/run_a_pipeline.html#load-and-save-asynchronously
2025-02-09 00:50:08,103 - kedro.pipeline.node - INFO - Running node: generar_datos: generate_data(None) -> [messy_data]
2025-02-09 00:50:12,831 - kedro.io.data_catalog - INFO - Saving data to [dark_orange]messy_data[/dark_orange] (CSVDataset)...
2025-02-09 00:50:12,912 - kedro.runner.sequential_runner - INFO - Completed node: generar_datos
2025-02-09 00:50:12,915 - kedro.runner.sequential_runner - INFO - Completed 1 out of 2 tasks
2025-02-09 00:50:12,918 - kedro.io.data_catalog - INFO - Loading data from [dark_orange]messy_data[/dark_orange] (CSVDataset)...
2025-02-09 00:50:12,965 - kedro.pipeline.node - INFO - Running node: limpiar_datos: clean_data([messy_data]) -> [clean_data]
2025-02-09 00:50:13,051 - kedro.io.data_catalog - INFO - Saving data to [dark_orange]clean_data[/dark_orange] (CSVDataset)...
2025-02-09 00:50:13,116 - kedro.runner.sequential_runner - INFO - Completed node: limpiar_datos
2025-02-09 00:50:13,119 - kedro.runner.sequential_runner - INFO - Completed 2 out of 2 tasks
2025-02-09 00:50:13,122 - kedro.runner.sequential_runner - INFO - Pipeline execution completed successfully.
2025-02-09 13:58:32,801 - kedro.framework.project - INFO - Using 'conf/logging.yml' as logging configuration. You can change this by setting the KEDRO_LOGGING_CONFIG environment variable accordingly.
2025-02-09 13:58:34,705 - kedro.framework.session.session - INFO - Kedro project kedro_project
2025-02-09 13:58:43,575 - kedro_telemetry.plugin - INFO - Kedro is sending anonymous usage data with the sole purpose of improving the product. No personal data or IP addresses are stored on our side. If you want to opt out, set the `KEDRO_DISABLE_TELEMETRY` or `DO_NOT_TRACK` environment variables, or create a `.telemetry` file in the current working directory with the contents `consent: false`. Read more at https://docs.kedro.org/en/stable/configuration/telemetry.html
2025-02-09 13:58:43,940 - kedro.runner.sequential_runner - INFO - Using synchronous mode for loading and saving data. Use the --async flag for potential performance gains. https://docs.kedro.org/en/stable/nodes_and_pipelines/run_a_pipeline.html#load-and-save-asynchronously
2025-02-09 13:58:43,944 - kedro.pipeline.node - INFO - Running node: generar_datos: generate_data(None) -> [messy_data]
2025-02-09 13:58:48,357 - kedro.io.data_catalog - INFO - Saving data to [dark_orange]messy_data[/dark_orange] (CSVDataset)...
2025-02-09 13:58:48,444 - kedro.runner.sequential_runner - INFO - Completed node: generar_datos
2025-02-09 13:58:48,446 - kedro.runner.sequential_runner - INFO - Completed 1 out of 2 tasks
2025-02-09 13:58:48,449 - kedro.io.data_catalog - INFO - Loading data from [dark_orange]messy_data[/dark_orange] (CSVDataset)...
2025-02-09 13:58:48,489 - kedro.pipeline.node - INFO - Running node: limpiar_datos: clean_data([messy_data]) -> [clean_data]
2025-02-09 13:58:48,576 - kedro.io.data_catalog - INFO - Saving data to [dark_orange]clean_data[/dark_orange] (CSVDataset)...
2025-02-09 13:58:48,637 - kedro.runner.sequential_runner - INFO - Completed node: limpiar_datos
2025-02-09 13:58:48,639 - kedro.runner.sequential_runner - INFO - Completed 2 out of 2 tasks
2025-02-09 13:58:48,642 - kedro.runner.sequential_runner - INFO - Pipeline execution completed successfully.
2025-02-09 15:36:32,984 - kedro.framework.project - INFO - Using 'conf/logging.yml' as logging configuration. You can change this by setting the KEDRO_LOGGING_CONFIG environment variable accordingly.
2025-02-09 15:36:34,874 - kedro.framework.session.session - INFO - Kedro project kedro_project
2025-02-09 15:36:44,375 - kedro_telemetry.plugin - INFO - Kedro is sending anonymous usage data with the sole purpose of improving the product. No personal data or IP addresses are stored on our side. If you want to opt out, set the `KEDRO_DISABLE_TELEMETRY` or `DO_NOT_TRACK` environment variables, or create a `.telemetry` file in the current working directory with the contents `consent: false`. Read more at https://docs.kedro.org/en/stable/configuration/telemetry.html
2025-02-09 15:36:44,753 - kedro.runner.sequential_runner - INFO - Using synchronous mode for loading and saving data. Use the --async flag for potential performance gains. https://docs.kedro.org/en/stable/nodes_and_pipelines/run_a_pipeline.html#load-and-save-asynchronously
2025-02-09 15:36:44,758 - kedro.pipeline.node - INFO - Running node: generar_datos: generate_data(None) -> [messy_data]
2025-02-09 15:36:49,020 - kedro.io.data_catalog - INFO - Saving data to [dark_orange]messy_data[/dark_orange] (CSVDataset)...
2025-02-09 15:36:49,111 - kedro.runner.sequential_runner - INFO - Completed node: generar_datos
2025-02-09 15:36:49,114 - kedro.runner.sequential_runner - INFO - Completed 1 out of 2 tasks
2025-02-09 15:36:49,117 - kedro.io.data_catalog - INFO - Loading data from [dark_orange]messy_data[/dark_orange] (CSVDataset)...
2025-02-09 15:36:49,157 - kedro.pipeline.node - INFO - Running node: limpiar_datos: clean_data([messy_data]) -> [clean_data]
2025-02-09 15:36:49,239 - kedro.io.data_catalog - INFO - Saving data to [dark_orange]clean_data[/dark_orange] (CSVDataset)...
2025-02-09 15:36:49,305 - kedro.runner.sequential_runner - INFO - Completed node: limpiar_datos
2025-02-09 15:36:49,307 - kedro.runner.sequential_runner - INFO - Completed 2 out of 2 tasks
2025-02-09 15:36:49,310 - kedro.runner.sequential_runner - INFO - Pipeline execution completed successfully.
2025-02-09 15:37:26,124 - kedro.framework.project - INFO - Using 'conf/logging.yml' as logging configuration. You can change this by setting the KEDRO_LOGGING_CONFIG environment variable accordingly.
2025-02-09 15:37:27,186 - kedro.framework.session.session - INFO - Kedro project kedro_project
2025-02-09 15:37:31,698 - kedro_telemetry.plugin - INFO - Kedro is sending anonymous usage data with the sole purpose of improving the product. No personal data or IP addresses are stored on our side. If you want to opt out, set the `KEDRO_DISABLE_TELEMETRY` or `DO_NOT_TRACK` environment variables, or create a `.telemetry` file in the current working directory with the contents `consent: false`. Read more at https://docs.kedro.org/en/stable/configuration/telemetry.html
2025-02-09 15:37:32,074 - kedro.runner.sequential_runner - INFO - Using synchronous mode for loading and saving data. Use the --async flag for potential performance gains. https://docs.kedro.org/en/stable/nodes_and_pipelines/run_a_pipeline.html#load-and-save-asynchronously
2025-02-09 15:37:32,081 - kedro.pipeline.node - INFO - Running node: generar_datos: generate_data(None) -> [messy_data]
2025-02-09 15:37:36,549 - kedro.io.data_catalog - INFO - Saving data to [dark_orange]messy_data[/dark_orange] (CSVDataset)...
2025-02-09 15:37:36,612 - kedro.runner.sequential_runner - INFO - Completed node: generar_datos
2025-02-09 15:37:36,615 - kedro.runner.sequential_runner - INFO - Completed 1 out of 2 tasks
2025-02-09 15:37:36,619 - kedro.io.data_catalog - INFO - Loading data from [dark_orange]messy_data[/dark_orange] (CSVDataset)...
2025-02-09 15:37:36,654 - kedro.pipeline.node - INFO - Running node: limpiar_datos: clean_data([messy_data]) -> [clean_data]
2025-02-09 15:37:36,722 - kedro.io.data_catalog - INFO - Saving data to [dark_orange]clean_data[/dark_orange] (CSVDataset)...
2025-02-09 15:37:36,780 - kedro.runner.sequential_runner - INFO - Completed node: limpiar_datos
2025-02-09 15:37:36,782 - kedro.runner.sequential_runner - INFO - Completed 2 out of 2 tasks
2025-02-09 15:37:36,784 - kedro.runner.sequential_runner - INFO - Pipeline execution completed successfully.
2025-02-09 15:38:35,958 - kedro.framework.project - INFO - Using 'conf/logging.yml' as logging configuration. You can change this by setting the KEDRO_LOGGING_CONFIG environment variable accordingly.
2025-02-09 15:38:36,877 - kedro.framework.session.session - INFO - Kedro project kedro_project
2025-02-09 15:38:42,551 - kedro_telemetry.plugin - INFO - Kedro is sending anonymous usage data with the sole purpose of improving the product. No personal data or IP addresses are stored on our side. If you want to opt out, set the `KEDRO_DISABLE_TELEMETRY` or `DO_NOT_TRACK` environment variables, or create a `.telemetry` file in the current working directory with the contents `consent: false`. Read more at https://docs.kedro.org/en/stable/configuration/telemetry.html
2025-02-09 15:38:42,955 - kedro.runner.sequential_runner - INFO - Using synchronous mode for loading and saving data. Use the --async flag for potential performance gains. https://docs.kedro.org/en/stable/nodes_and_pipelines/run_a_pipeline.html#load-and-save-asynchronously
2025-02-09 15:38:42,961 - kedro.pipeline.node - INFO - Running node: generar_datos: generate_data(None) -> [messy_data]
2025-02-09 15:38:47,185 - kedro.io.data_catalog - INFO - Saving data to [dark_orange]messy_data[/dark_orange] (CSVDataset)...
2025-02-09 15:38:47,241 - kedro.runner.sequential_runner - INFO - Completed node: generar_datos
2025-02-09 15:38:47,244 - kedro.runner.sequential_runner - INFO - Completed 1 out of 2 tasks
2025-02-09 15:38:47,248 - kedro.io.data_catalog - INFO - Loading data from [dark_orange]messy_data[/dark_orange] (CSVDataset)...
2025-02-09 15:38:47,284 - kedro.pipeline.node - INFO - Running node: limpiar_datos: clean_data([messy_data]) -> [clean_data]
2025-02-09 15:38:47,363 - kedro.io.data_catalog - INFO - Saving data to [dark_orange]clean_data[/dark_orange] (CSVDataset)...
2025-02-09 15:38:47,424 - kedro.runner.sequential_runner - INFO - Completed node: limpiar_datos
2025-02-09 15:38:47,426 - kedro.runner.sequential_runner - INFO - Completed 2 out of 2 tasks
2025-02-09 15:38:47,432 - kedro.runner.sequential_runner - INFO - Pipeline execution completed successfully.
2025-02-09 15:52:52,880 - kedro.framework.project - INFO - Using 'conf/logging.yml' as logging configuration. You can change this by setting the KEDRO_LOGGING_CONFIG environment variable accordingly.
2025-02-09 15:52:53,805 - kedro.framework.session.session - INFO - Kedro project kedro_project
2025-02-09 15:52:59,366 - kedro_telemetry.plugin - INFO - Kedro is sending anonymous usage data with the sole purpose of improving the product. No personal data or IP addresses are stored on our side. If you want to opt out, set the `KEDRO_DISABLE_TELEMETRY` or `DO_NOT_TRACK` environment variables, or create a `.telemetry` file in the current working directory with the contents `consent: false`. Read more at https://docs.kedro.org/en/stable/configuration/telemetry.html
2025-02-09 15:52:59,752 - kedro.runner.sequential_runner - INFO - Using synchronous mode for loading and saving data. Use the --async flag for potential performance gains. https://docs.kedro.org/en/stable/nodes_and_pipelines/run_a_pipeline.html#load-and-save-asynchronously
2025-02-09 15:52:59,759 - kedro.pipeline.node - INFO - Running node: generar_datos: generate_data(None) -> [messy_data]
2025-02-09 15:53:04,059 - kedro.io.data_catalog - INFO - Saving data to [dark_orange]messy_data[/dark_orange] (CSVDataset)...
2025-02-09 15:53:04,122 - kedro.runner.sequential_runner - INFO - Completed node: generar_datos
2025-02-09 15:53:04,125 - kedro.runner.sequential_runner - INFO - Completed 1 out of 2 tasks
2025-02-09 15:53:04,130 - kedro.io.data_catalog - INFO - Loading data from [dark_orange]messy_data[/dark_orange] (CSVDataset)...
2025-02-09 15:53:04,172 - kedro.pipeline.node - INFO - Running node: limpiar_datos: clean_data([messy_data]) -> [clean_data]
2025-02-09 15:53:04,252 - kedro.io.data_catalog - INFO - Saving data to [dark_orange]clean_data[/dark_orange] (CSVDataset)...
2025-02-09 15:53:04,317 - kedro.runner.sequential_runner - INFO - Completed node: limpiar_datos
2025-02-09 15:53:04,320 - kedro.runner.sequential_runner - INFO - Completed 2 out of 2 tasks
2025-02-09 15:53:04,329 - kedro.runner.sequential_runner - INFO - Pipeline execution completed successfully.
2025-02-09 16:09:52,684 - kedro.framework.project - INFO - Using 'conf/logging.yml' as logging configuration. You can change this by setting the KEDRO_LOGGING_CONFIG environment variable accordingly.
2025-02-09 16:09:55,007 - kedro.framework.session.session - INFO - Kedro project kedro_project
2025-02-09 16:10:02,708 - kedro_telemetry.plugin - INFO - Kedro is sending anonymous usage data with the sole purpose of improving the product. No personal data or IP addresses are stored on our side. If you want to opt out, set the `KEDRO_DISABLE_TELEMETRY` or `DO_NOT_TRACK` environment variables, or create a `.telemetry` file in the current working directory with the contents `consent: false`. Read more at https://docs.kedro.org/en/stable/configuration/telemetry.html
2025-02-09 16:10:03,198 - kedro.runner.sequential_runner - INFO - Using synchronous mode for loading and saving data. Use the --async flag for potential performance gains. https://docs.kedro.org/en/stable/nodes_and_pipelines/run_a_pipeline.html#load-and-save-asynchronously
2025-02-09 16:10:03,202 - kedro.pipeline.node - INFO - Running node: generar_datos: generate_data(None) -> [messy_data]
2025-02-09 16:10:07,730 - kedro.io.data_catalog - INFO - Saving data to [dark_orange]messy_data[/dark_orange] (CSVDataset)...
2025-02-09 16:10:07,815 - kedro.runner.sequential_runner - INFO - Completed node: generar_datos
2025-02-09 16:10:07,818 - kedro.runner.sequential_runner - INFO - Completed 1 out of 2 tasks
2025-02-09 16:10:07,822 - kedro.io.data_catalog - INFO - Loading data from [dark_orange]messy_data[/dark_orange] (CSVDataset)...
2025-02-09 16:10:07,864 - kedro.pipeline.node - INFO - Running node: limpiar_datos: clean_data([messy_data]) -> [clean_data]
2025-02-09 16:10:07,943 - kedro.io.data_catalog - INFO - Saving data to [dark_orange]clean_data[/dark_orange] (CSVDataset)...
2025-02-09 16:10:08,007 - kedro.runner.sequential_runner - INFO - Completed node: limpiar_datos
2025-02-09 16:10:08,009 - kedro.runner.sequential_runner - INFO - Completed 2 out of 2 tasks
2025-02-09 16:10:08,014 - kedro.runner.sequential_runner - INFO - Pipeline execution completed successfully.
2025-02-09 17:19:13,711 - kedro.framework.project - INFO - Using 'conf/logging.yml' as logging configuration. You can change this by setting the KEDRO_LOGGING_CONFIG environment variable accordingly.
2025-02-09 17:19:16,463 - kedro.framework.session.session - INFO - Kedro project kedro_project
2025-02-09 17:19:27,967 - kedro_telemetry.plugin - INFO - Kedro is sending anonymous usage data with the sole purpose of improving the product. No personal data or IP addresses are stored on our side. If you want to opt out, set the `KEDRO_DISABLE_TELEMETRY` or `DO_NOT_TRACK` environment variables, or create a `.telemetry` file in the current working directory with the contents `consent: false`. Read more at https://docs.kedro.org/en/stable/configuration/telemetry.html
2025-02-09 17:19:28,501 - kedro.runner.sequential_runner - INFO - Using synchronous mode for loading and saving data. Use the --async flag for potential performance gains. https://docs.kedro.org/en/stable/nodes_and_pipelines/run_a_pipeline.html#load-and-save-asynchronously
2025-02-09 17:19:28,505 - kedro.pipeline.node - INFO - Running node: generar_datos: generate_data(None) -> [messy_data]
2025-02-09 17:19:32,864 - kedro.io.data_catalog - INFO - Saving data to [dark_orange]messy_data[/dark_orange] (CSVDataset)...
2025-02-09 17:19:32,953 - kedro.runner.sequential_runner - INFO - Completed node: generar_datos
2025-02-09 17:19:32,958 - kedro.runner.sequential_runner - INFO - Completed 1 out of 2 tasks
2025-02-09 17:19:32,961 - kedro.io.data_catalog - INFO - Loading data from [dark_orange]messy_data[/dark_orange] (CSVDataset)...
2025-02-09 17:19:33,005 - kedro.pipeline.node - INFO - Running node: limpiar_datos: clean_data([messy_data]) -> [clean_data]
2025-02-09 17:19:33,086 - kedro.io.data_catalog - INFO - Saving data to [dark_orange]clean_data[/dark_orange] (CSVDataset)...
2025-02-09 17:19:33,146 - kedro.runner.sequential_runner - INFO - Completed node: limpiar_datos
2025-02-09 17:19:33,148 - kedro.runner.sequential_runner - INFO - Completed 2 out of 2 tasks
2025-02-09 17:19:33,151 - kedro.runner.sequential_runner - INFO - Pipeline execution completed successfully.
2025-02-09 18:25:27,216 - kedro.framework.project - INFO - Using 'conf/logging.yml' as logging configuration. You can change this by setting the KEDRO_LOGGING_CONFIG environment variable accordingly.
2025-02-09 18:25:30,221 - kedro.framework.session.session - INFO - Kedro project kedro_project
2025-02-09 18:25:43,749 - kedro_telemetry.plugin - INFO - Kedro is sending anonymous usage data with the sole purpose of improving the product. No personal data or IP addresses are stored on our side. If you want to opt out, set the `KEDRO_DISABLE_TELEMETRY` or `DO_NOT_TRACK` environment variables, or create a `.telemetry` file in the current working directory with the contents `consent: false`. Read more at https://docs.kedro.org/en/stable/configuration/telemetry.html
2025-02-09 18:25:44,215 - kedro.runner.sequential_runner - INFO - Using synchronous mode for loading and saving data. Use the --async flag for potential performance gains. https://docs.kedro.org/en/stable/nodes_and_pipelines/run_a_pipeline.html#load-and-save-asynchronously
2025-02-09 18:25:44,221 - kedro.pipeline.node - INFO - Running node: generar_datos: generate_data(None) -> [messy_data]
2025-02-09 18:25:49,509 - kedro.io.data_catalog - INFO - Saving data to [dark_orange]messy_data[/dark_orange] (CSVDataset)...
2025-02-09 18:25:49,600 - kedro.runner.sequential_runner - INFO - Completed node: generar_datos
2025-02-09 18:25:49,605 - kedro.runner.sequential_runner - INFO - Completed 1 out of 2 tasks
2025-02-09 18:25:49,608 - kedro.io.data_catalog - INFO - Loading data from [dark_orange]messy_data[/dark_orange] (CSVDataset)...
2025-02-09 18:25:49,650 - kedro.pipeline.node - INFO - Running node: limpiar_datos: clean_data([messy_data]) -> [clean_data]
2025-02-09 18:25:49,741 - kedro.io.data_catalog - INFO - Saving data to [dark_orange]clean_data[/dark_orange] (CSVDataset)...
2025-02-09 18:25:49,811 - kedro.runner.sequential_runner - INFO - Completed node: limpiar_datos
2025-02-09 18:25:49,813 - kedro.runner.sequential_runner - INFO - Completed 2 out of 2 tasks
2025-02-09 18:25:49,816 - kedro.runner.sequential_runner - INFO - Pipeline execution completed successfully.
2025-02-09 20:39:28,052 - kedro.framework.project - INFO - Using 'conf/logging.yml' as logging configuration. You can change this by setting the KEDRO_LOGGING_CONFIG environment variable accordingly.
2025-02-09 20:39:30,920 - kedro.framework.session.session - INFO - Kedro project kedro_project
2025-02-09 20:39:41,977 - kedro_telemetry.plugin - INFO - Kedro is sending anonymous usage data with the sole purpose of improving the product. No personal data or IP addresses are stored on our side. If you want to opt out, set the `KEDRO_DISABLE_TELEMETRY` or `DO_NOT_TRACK` environment variables, or create a `.telemetry` file in the current working directory with the contents `consent: false`. Read more at https://docs.kedro.org/en/stable/configuration/telemetry.html
2025-02-09 20:39:42,436 - kedro.runner.sequential_runner - INFO - Using synchronous mode for loading and saving data. Use the --async flag for potential performance gains. https://docs.kedro.org/en/stable/nodes_and_pipelines/run_a_pipeline.html#load-and-save-asynchronously
2025-02-09 20:39:42,442 - kedro.pipeline.node - INFO - Running node: generar_datos: generate_data(None) -> [messy_data]
2025-02-09 20:39:47,058 - kedro.io.data_catalog - INFO - Saving data to [dark_orange]messy_data[/dark_orange] (CSVDataset)...
2025-02-09 20:39:47,146 - kedro.runner.sequential_runner - INFO - Completed node: generar_datos
2025-02-09 20:39:47,148 - kedro.runner.sequential_runner - INFO - Completed 1 out of 2 tasks
2025-02-09 20:39:47,151 - kedro.io.data_catalog - INFO - Loading data from [dark_orange]messy_data[/dark_orange] (CSVDataset)...
2025-02-09 20:39:47,197 - kedro.pipeline.node - INFO - Running node: limpiar_datos: clean_data([messy_data]) -> [clean_data]
2025-02-09 20:39:47,277 - kedro.io.data_catalog - INFO - Saving data to [dark_orange]clean_data[/dark_orange] (CSVDataset)...
2025-02-09 20:39:47,336 - kedro.runner.sequential_runner - INFO - Completed node: limpiar_datos
2025-02-09 20:39:47,338 - kedro.runner.sequential_runner - INFO - Completed 2 out of 2 tasks
2025-02-09 20:39:47,340 - kedro.runner.sequential_runner - INFO - Pipeline execution completed successfully.
